  tutorial02.cpp
c:\users\dingler\desktop\370\everybody'sone\370_imageprocessing_gl\tutorial02.cpp(266): warning C4018: '<': signed/unsigned mismatch
c:\users\dingler\desktop\370\everybody'sone\370_imageprocessing_gl\tutorial02.cpp(363): warning C4244: 'argument': conversion from 'float' to 'GLint', possible loss of data
  texture.cpp
c:\users\dingler\desktop\370\everybody'sone\370_imageprocessing_gl\texture.cpp(23): warning C4996: 'fopen': This function or variable may be unsafe. Consider using fopen_s instead. To disable deprecation, use _CRT_SECURE_NO_WARNINGS. See online help for details.
  c:\program files (x86)\windows kits\10\include\10.0.10240.0\ucrt\stdio.h(205): note: see declaration of 'fopen'
c:\users\dingler\desktop\370\everybody'sone\370_imageprocessing_gl\texture.cpp(127): warning C4996: 'fopen': This function or variable may be unsafe. Consider using fopen_s instead. To disable deprecation, use _CRT_SECURE_NO_WARNINGS. See online help for details.
  c:\program files (x86)\windows kits\10\include\10.0.10240.0\ucrt\stdio.h(205): note: see declaration of 'fopen'
  shader.cpp
  Generating Code...
glfw3.lib(context.obj) : warning LNK4099: PDB 'glfw.pdb' was not found with 'glfw3.lib(context.obj)' or at 'C:\Users\Dingler\Desktop\370\Everybody'sOne\370_ImageProcessing_GL\solution\Debug\glfw.pdb'; linking object as if no debug info
glfw3.lib(init.obj) : warning LNK4099: PDB 'glfw.pdb' was not found with 'glfw3.lib(init.obj)' or at 'C:\Users\Dingler\Desktop\370\Everybody'sOne\370_ImageProcessing_GL\solution\Debug\glfw.pdb'; linking object as if no debug info
glfw3.lib(input.obj) : warning LNK4099: PDB 'glfw.pdb' was not found with 'glfw3.lib(input.obj)' or at 'C:\Users\Dingler\Desktop\370\Everybody'sOne\370_ImageProcessing_GL\solution\Debug\glfw.pdb'; linking object as if no debug info
glfw3.lib(monitor.obj) : warning LNK4099: PDB 'glfw.pdb' was not found with 'glfw3.lib(monitor.obj)' or at 'C:\Users\Dingler\Desktop\370\Everybody'sOne\370_ImageProcessing_GL\solution\Debug\glfw.pdb'; linking object as if no debug info
glfw3.lib(window.obj) : warning LNK4099: PDB 'glfw.pdb' was not found with 'glfw3.lib(window.obj)' or at 'C:\Users\Dingler\Desktop\370\Everybody'sOne\370_ImageProcessing_GL\solution\Debug\glfw.pdb'; linking object as if no debug info
glfw3.lib(win32_init.obj) : warning LNK4099: PDB 'glfw.pdb' was not found with 'glfw3.lib(win32_init.obj)' or at 'C:\Users\Dingler\Desktop\370\Everybody'sOne\370_ImageProcessing_GL\solution\Debug\glfw.pdb'; linking object as if no debug info
glfw3.lib(win32_monitor.obj) : warning LNK4099: PDB 'glfw.pdb' was not found with 'glfw3.lib(win32_monitor.obj)' or at 'C:\Users\Dingler\Desktop\370\Everybody'sOne\370_ImageProcessing_GL\solution\Debug\glfw.pdb'; linking object as if no debug info
glfw3.lib(win32_time.obj) : warning LNK4099: PDB 'glfw.pdb' was not found with 'glfw3.lib(win32_time.obj)' or at 'C:\Users\Dingler\Desktop\370\Everybody'sOne\370_ImageProcessing_GL\solution\Debug\glfw.pdb'; linking object as if no debug info
glfw3.lib(win32_tls.obj) : warning LNK4099: PDB 'glfw.pdb' was not found with 'glfw3.lib(win32_tls.obj)' or at 'C:\Users\Dingler\Desktop\370\Everybody'sOne\370_ImageProcessing_GL\solution\Debug\glfw.pdb'; linking object as if no debug info
glfw3.lib(win32_window.obj) : warning LNK4099: PDB 'glfw.pdb' was not found with 'glfw3.lib(win32_window.obj)' or at 'C:\Users\Dingler\Desktop\370\Everybody'sOne\370_ImageProcessing_GL\solution\Debug\glfw.pdb'; linking object as if no debug info
glfw3.lib(winmm_joystick.obj) : warning LNK4099: PDB 'glfw.pdb' was not found with 'glfw3.lib(winmm_joystick.obj)' or at 'C:\Users\Dingler\Desktop\370\Everybody'sOne\370_ImageProcessing_GL\solution\Debug\glfw.pdb'; linking object as if no debug info
glfw3.lib(wgl_context.obj) : warning LNK4099: PDB 'glfw.pdb' was not found with 'glfw3.lib(wgl_context.obj)' or at 'C:\Users\Dingler\Desktop\370\Everybody'sOne\370_ImageProcessing_GL\solution\Debug\glfw.pdb'; linking object as if no debug info
  RenderToTexture.vcxproj -> C:\Users\Dingler\Desktop\370\Everybody'sOne\370_ImageProcessing_GL\solution\Debug\RenderToTexture.exe
